#
# A fatal error has been detected by the Java Runtime Environment:
#
#  EXCEPTION_ACCESS_VIOLATION (0xc0000005) at pc=0x00007ffde19eca80, pid=7976, tid=10956
#
# JRE version: Java(TM) SE Runtime Environment (24.0.1+9) (build 24.0.1+9-30)
# Java VM: Java HotSpot(TM) 64-Bit Server VM (24.0.1+9-30, mixed mode, sharing, tiered, compressed oops, compressed class ptrs, g1 gc, windows-amd64)
# Problematic frame:
# V  [jvm.dll+0x34ca80]
#
# No core dump will be written. Minidumps are not enabled by default on client versions of Windows
#
# If you would like to submit a bug report, please visit:
#   https://bugreport.java.com/bugreport/crash.jsp
#

---------------  S U M M A R Y ------------

Command Line: -javaagent:C:\Program Files\JetBrains\IntelliJ IDEA Community Edition 2025.1.2\lib\idea_rt.jar=51206 -Dfile.encoding=UTF-8 -Dsun.stdout.encoding=UTF-8 -Dsun.stderr.encoding=UTF-8 com.project.onlinecoursemanagement.OnlinecoursemanagementApplication

Host: 11th Gen Intel(R) Core(TM) i7-1165G7 @ 2.80GHz, 8 cores, 31G,  Windows 11 , 64 bit Build 22621 (10.0.22621.5415)
Time: Wed Jul 30 15:49:28 2025 India Standard Time elapsed time: 2860.292499 seconds (0d 0h 47m 40s)

---------------  T H R E A D  ---------------

Current thread (0x00000213c6173b50):  WorkerThread "G1 Conc#1"      [id=10956, stack(0x000000f768000000,0x000000f768100000) (1024K)]

Stack: [0x000000f768000000,0x000000f768100000],  sp=0x000000f7680ff918,  free space=1022k
Native frames: (J=compiled Java code, j=interpreted, Vv=VM code, C=native code)
V  [jvm.dll+0x34ca80]  (no source info available)


siginfo: EXCEPTION_ACCESS_VIOLATION (0xc0000005), reading address 0x00000214408d0784


Registers:
RAX=0x8422025144210842, RBX=0x00000213caf47f01, RCX=0x0000000604683c20, RDX=0x00000214408d077c
RSP=0x000000f7680ff918, RBP=0x0000000000000001, RSI=0x00000213eebaff90, RDI=0x0000000604683c20
R8 =0x00000213e6bfa0f0, R9 =0x0000000604000000, R10=0x0000000000000001, R11=0x0000000000000003
R12=0xaaaaaaaaaaaaaaab, R13=0x0000000000000000, R14=0x0000021381057608, R15=0x0000000604783b90
RIP=0x00007ffde19eca80, EFLAGS=0x0000000000010202

XMM[0]=0x0000000000000000 0x0000000000000000
XMM[1]=0x0000000000000000 0x0000000000000000
XMM[2]=0x0000000000000000 0x0000000000000000
XMM[3]=0x0000000000000000 0x0000000000000000
XMM[4]=0x0000000000000000 0x0000000000000000
XMM[5]=0x0000000000000000 0x0000000000000000
XMM[6]=0x0000000000000000 0x3ff62698d2420650
XMM[7]=0x0000000000000000 0xc215b08487ffbf7d
XMM[8]=0x0000000000000000 0x0000000000000000
XMM[9]=0x0000000000000000 0x0000000000000000
XMM[10]=0x0000000000000000 0x0000000000000000
XMM[11]=0x0000000000000000 0x0000000000000000
XMM[12]=0x0000000000000000 0x0000000000000000
XMM[13]=0x0000000000000000 0x0000000000000000
XMM[14]=0x0000000000000000 0x0000000000000000
XMM[15]=0x0000000000000000 0x0000000000000000
  MXCSR=0x00001fa0


Register to memory mapping:

RAX=0x8422025144210842 is an unknown value
RBX=0x00000213caf47f01 points into unknown readable memory: 00 00 00 00 00 00 00
RCX=0x0000000604683c20 is pointing into object: java.util.LinkedHashMap$Entry 
{0x0000000604683c08} - klass: 'java/util/LinkedHashMap$Entry' - flags: 

 - ---- fields (total size 5 words):
 - final 'hash' 'I' @12  -1724572983 (0x99351ac9)
 - final 'key' 'Ljava/lang/Object;' @16  "description"{0x00000006046570f8} (0xc08cae1f)
 - 'value' 'Ljava/lang/Object;' @20  ""{0x0000000604682a58} (0xc08d054b)
 - 'next' 'Ljava/util/HashMap$Node;' @24  null (0x00000000)
 - 'before' 'Ljava/util/LinkedHashMap$Entry;' @28  a 'java/util/LinkedHashMap$Entry'{0x0000000604683c30} (0xc08d0786)
 - 'after' 'Ljava/util/LinkedHashMap$Entry;' @32  a 'java/util/LinkedHashMap$Entry'{0x0000000604683be0} (0xc08d077c)
RDX=0x00000214408d077c is an unknown value
RSP=0x000000f7680ff918 points into unknown readable memory: 0x00007ffde19ec497 | 97 c4 9e e1 fd 7f 00 00
RBP=0x0000000000000001 is an unknown value
RSI=0x00000213eebaff90 points into unknown readable memory: 0x00000213caf468e0 | e0 68 f4 ca 13 02 00 00
RDI=0x0000000604683c20 is pointing into object: java.util.LinkedHashMap$Entry 
{0x0000000604683c08} - klass: 'java/util/LinkedHashMap$Entry' - flags: 

 - ---- fields (total size 5 words):
 - final 'hash' 'I' @12  -1724572983 (0x99351ac9)
 - final 'key' 'Ljava/lang/Object;' @16  "description"{0x00000006046570f8} (0xc08cae1f)
 - 'value' 'Ljava/lang/Object;' @20  ""{0x0000000604682a58} (0xc08d054b)
 - 'next' 'Ljava/util/HashMap$Node;' @24  null (0x00000000)
 - 'before' 'Ljava/util/LinkedHashMap$Entry;' @28  a 'java/util/LinkedHashMap$Entry'{0x0000000604683c30} (0xc08d0786)
 - 'after' 'Ljava/util/LinkedHashMap$Entry;' @32  a 'java/util/LinkedHashMap$Entry'{0x0000000604683be0} (0xc08d077c)
R8 =0x00000213e6bfa0f0 points into unknown readable memory: 0x8422025144210852 | 52 08 21 44 51 02 22 84
R9 =0x0000000604000000 is an oop: [Ljdk.internal.vm.FillerElement; 
{0x0000000604000000} - klass: {type array int} - flags: is_cloneable_fast 

 - length: 24
 -   0: 0x0 0
 -   1: 0x0 0
 -   2: 0x2c 44
 -   3: 0x0 0
 -   4: 0xe4941709 -460056823
 -   5: 0x71fe264e 1912481358
 -   6: 0x0 0
 -   7: 0x0 0
 -   8: 0x0 0
 -   9: 0x0 0
 -  10: 0x0 0
 -  11: 0xc084398a -1065076342
 -  12: 0xc0b02cbc -1062196036
 -  13: 0xc08439a5 -1065076315
 -  14: 0x0 0
 -  15: 0x0 0
 -  16: 0xc088001e -1064828898
 -  17: 0xc08439ec -1065076244
 -  18: 0x0 0
 -  19: 0x0 0
 -  20: 0x0 0
 -  21: 0x0 0
 -  22: 0xc0803843 -1065338813
 -  23: 0x0 0
R10=0x0000000000000001 is an unknown value
R11=0x0000000000000003 is an unknown value
R12=0xaaaaaaaaaaaaaaab is an unknown value
R13=0x0 is null
R14=0x0000021381057608 is a pointer to class: 
sun.reflect.generics.tree.ClassTypeSignature {0x0000021381057610}
 - instance size:     2
 - klass size:        83
 - access:            public synchronized 
 - flags:             rewritten has_nonstatic_fields has_localvariable_table 
 - state:             fully_initialized
 - name:              'sun/reflect/generics/tree/ClassTypeSignature'
 - super:             'java/lang/Object'
 - sub:               
 - arrays:            'sun/reflect/generics/tree/ClassTypeSignature'[]
 - methods:           Array<T>(0x00000213c115a7d0)
 - method ordering:   Array<T>(0x00000213806d5fe8)
 - local interfaces:  Array<T>(0x00000213c115a7c0)
 - trans. interfaces: Array<T>(0x00000213c115aad0)
 - secondary supers: Array<T>(0x00000213c115ab28)
 - hash_slot:         26
 - secondary bitmap: 0x0000780000c08000
 - constants:         constant pool [48] {0x00000213c115a5d8} for 'sun/reflect/generics/tree/ClassTypeSignature' cache=0x00000213c115abd8
 - class loader data:  loader data: 0x00000213eec13e90 of 'bootstrap'
 - source file:       'ClassTypeSignature.java'
 - inner classes:     Array<T>(0x000002138065eda0)
 - nest members:     Array<T>(0x000002138065eda0)
 - permitted subclasses:     Array<T>(0x000002138065eda0)
 - java mirror:       a 'java/lang/Class'{0x0000000605b953d0} = 'sun/reflect/generics/tree/ClassTypeSignature'
 - vtable length      7  (start addr: 0x00000213810577e8)
 - itable length      15 (start addr: 0x0000021381057820)
 - ---- static fields (0 words):
 - ---- non-static fields (1 words):
 - private final 'path' 'Ljava/util/List;' @12 
 - non-static oop maps: 12-12 
R15=0x0000000604783b90 is an oop: sun.reflect.generics.tree.SimpleClassTypeSignature 
{0x0000000604783b90} - klass: 'sun/reflect/generics/tree/SimpleClassTypeSignature' - flags: 

 - ---- fields (total size 3 words):
 - private final 'dollar' 'Z' @12  false (0x00)
 - private final 'name' 'Ljava/lang/String;' @16  "org.springframework.core.convert.support.AbstractConditionalEnumConverter"{0x0000000604783ba8} (0xc08f0775)
 - private final 'typeArgs' '[Lsun/reflect/generics/tree/TypeArgument;' @20  
[error occurred during error reporting (printing register info), id 0xc0000005, EXCEPTION_ACCESS_VIOLATION (0xc0000005) at pc=0x00007ffde1dba2d0]

Top of Stack: (sp=0x000000f7680ff918)
0x000000f7680ff918:   00007ffde19ec497 0000000604783f18   .........?x.....
0x000000f7680ff928:   00007ffde19ec497 00000213caf47fc0   ................
0x000000f7680ff938:   000000f7680ffb10 0000000604683c20   ...h.... <h.....
0x000000f7680ff948:   00007ffde19ec24f 00000213caf47fc0   O...............
0x000000f7680ff958:   000000f7680ffb10 0000021381057600   ...h.....v......
0x000000f7680ff968:   000000f7680ffb10 0000000604783ba8   ...h.....;x.....
0x000000f7680ff978:   00007ffde19ea08d 0000000604783ba4   .........;x.....
0x000000f7680ff988:   00007ffde19ea4cd 0000000604783b78   ........x;x.....
0x000000f7680ff998:   00007ffde1a04e14 000000f7680ffaf0   .N.........h....
0x000000f7680ff9a8:   0000000000000001 0000000604783b90   .........;x.....
0x000000f7680ff9b8:   00007ffde1a04e14 0000021381057360   .N......`s......
0x000000f7680ff9c8:   0000000000000003 000000f7680ffb10   ...........h....
0x000000f7680ff9d8:   0000000000000040 00000213caf47fc0   @...............
0x000000f7680ff9e8:   00007ffde1a0b920 0000000604783b90    ........;x.....
0x000000f7680ff9f8:   00000213eebaffa0 000000f7680ffaf0   ...........h....
0x000000f7680ffa08:   00000213eebaffa0 0000000604783b90   .........;x.....
0x000000f7680ffa18:   00007ffde1a07e11 00000000000f0772   .~......r.......
0x000000f7680ffa28:   0000000000000000 0000000604783a08   .........:x.....
0x000000f7680ffa38:   0000000000098968 0000000000100000   h...............
0x000000f7680ffa48:   00007ffde1a09b9c 0000000604783b68   ........h;x.....
0x000000f7680ffa58:   00000000000f0772 00000213caf47fc0   r...............
0x000000f7680ffa68:   00007ffde1a0ab9e 00000213c50246a0   .........F......
0x000000f7680ffa78:   0000000000000001 00000213caf48058   ........X.......
0x000000f7680ffa88:   00007ffde1a0aa5b 00000213caf47fc0   [...............
0x000000f7680ffa98:   0000000000000000 00000213c71c8701   ................
0x000000f7680ffaa8:   00000213caf47fc0 0000000604400000   ..........@.....
0x000000f7680ffab8:   0000000000080000 0000000000000555   ........U.......
0x000000f7680ffac8:   00007ffde1a0873d 00000213caf47fc0   =...............
0x000000f7680ffad8:   0000000000000555 0000000000000000   U...............
0x000000f7680ffae8:   00000213c71c8701 00000213eebaff90   ................
0x000000f7680ffaf8:   00000213caf47fc0 00000006083a6300   .........c:.....
0x000000f7680ffb08:   00000213c5024690 00007ffde20df098   .F..............

Instructions: (pc=0x00007ffde19eca80)
  0x00007ffde19ec980:   c1 eb 03 48 3b da 73 98 eb 1d 41 b1 01 4c 8b c3
  0x00007ffde19ec990:   48 8b d6 48 8b cf e8 35 62 03 00 4c 8d 04 dd 00
  0x00007ffde19ec9a0:   00 00 00 48 89 77 20 48 8b 74 24 38 48 8b 4f 10
  0x00007ffde19ec9b0:   48 8b 5f 08 48 2b d9 49 03 d8 4d 8b 06 48 8b d7
  0x00007ffde19ec9c0:   49 8b ce 41 ff 50 10 48 8b 7c 24 48 48 8b c3 48
  0x00007ffde19ec9d0:   8b 5c 24 40 48 83 c4 20 41 5e c3 cc cc cc cc cc
  0x00007ffde19ec9e0:   40 53 48 83 ec 20 4c 8b 42 10 4c 8d 4c 24 40 0f
  0x00007ffde19ec9f0:   b6 41 38 48 8b d9 4c 2b 41 28 4c 2b 02 48 8b 0d
  0x00007ffde19eca00:   44 98 94 00 88 44 24 31 c6 44 24 30 00 0f b7 44
  0x00007ffde19eca10:   24 30 66 89 44 24 40 c6 44 24 42 00 e8 1f 36 01
  0x00007ffde19eca20:   00 48 c7 43 28 00 00 00 00 48 83 c4 20 5b c3 cc
  0x00007ffde19eca30:   4c 8b 42 10 4c 2b 02 48 8b 0d 0a 98 94 00 e9 8d
  0x00007ffde19eca40:   36 01 00 cc cc cc cc cc cc cc cc cc cc cc cc cc
  0x00007ffde19eca50:   48 8b 42 10 48 2b 02 ff 41 10 48 89 41 28 48 89
  0x00007ffde19eca60:   51 08 c3 cc cc cc cc cc cc cc cc cc cc cc cc cc
  0x00007ffde19eca70:   48 89 0d d1 97 94 00 48 89 15 c2 97 94 00 c3 cc
=>0x00007ffde19eca80:   44 8b 4a 08 4c 8b c2 45 85 c9 7e 0e 41 f6 c1 01
  0x00007ffde19eca90:   75 49 41 c1 f9 03 49 63 c1 c3 79 3f 8b 05 96 36
  0x00007ffde19ecaa0:   8e 00 ff c8 4c 63 c0 48 63 05 ea 83 97 00 48 63
  0x00007ffde19ecab0:   14 08 41 8b c9 83 e1 3f 41 8b c1 48 c1 f8 10 0f
  0x00007ffde19ecac0:   b6 c0 48 d3 e2 49 8d 0c 10 49 f7 d0 48 03 c1 49
  0x00007ffde19ecad0:   c1 e8 03 48 c1 e8 03 49 23 c0 c3 48 8b 02 48 8b
  0x00007ffde19ecae0:   d1 49 8b c8 48 ff a0 f8 00 00 00 cc cc cc cc cc
  0x00007ffde19ecaf0:   48 8b 51 08 33 c0 48 3b 15 43 97 94 00 48 0f 44
  0x00007ffde19ecb00:   d0 48 85 d2 74 07 48 8b 42 10 48 2b 02 48 8b 51
  0x00007ffde19ecb10:   30 48 85 d2 74 0a 48 8b 4a 10 48 2b 0a 48 03 c1
  0x00007ffde19ecb20:   c3 cc cc cc cc cc cc cc cc cc cc cc cc cc cc cc
  0x00007ffde19ecb30:   48 89 4c 24 08 48 89 54 24 10 4c 89 44 24 18 4c
  0x00007ffde19ecb40:   89 4c 24 20 48 83 ec 28 4c 8b c1 4c 8d 4c 24 38
  0x00007ffde19ecb50:   48 8d 0d 69 97 94 00 ba 01 00 00 00 e8 3f c6 2e
  0x00007ffde19ecb60:   00 48 83 c4 28 c3 cc cc cc cc cc cc cc cc cc cc
  0x00007ffde19ecb70:   48 89 4c 24 08 48 89 54 24 10 4c 89 44 24 18 4c


Stack slot to memory mapping:

stack at sp + 0 slots: 0x00007ffde19ec497 jvm.dll
stack at sp + 1 slots: 0x0000000604783f18 is an oop: sun.reflect.generics.scope.ClassScope 
{0x0000000604783f18} - klass: 'sun/reflect/generics/scope/ClassScope' - flags: 

 - ---- fields (total size 3 words):
 - private final 'recvr' 'Ljava/lang/reflect/GenericDeclaration;' @12  a 'java/lang/Class'{0x0000000604783a20} = 'org/springframework/core/convert/support/EnumToStringConverter' (0xc08f0744)
 - private volatile 'enclosingScope' 'Lsun/reflect/generics/scope/Scope;' @16  null (0x00000000)
stack at sp + 2 slots: 0x00007ffde19ec497 jvm.dll
stack at sp + 3 slots: 0x00000213caf47fc0 points into unknown readable memory: 0x00007ffde20df078 | 78 f0 0d e2 fd 7f 00 00
stack at sp + 4 slots: 0x000000f7680ffb10 points into unknown readable memory: 0x00007ffde20df098 | 98 f0 0d e2 fd 7f 00 00
stack at sp + 5 slots: 0x0000000604683c20 is pointing into object: java.util.LinkedHashMap$Entry 
{0x0000000604683c08} - klass: 'java/util/LinkedHashMap$Entry' - flags: 

 - ---- fields (total size 5 words):
 - final 'hash' 'I' @12  -1724572983 (0x99351ac9)
 - final 'key' 'Ljava/lang/Object;' @16  "description"{0x00000006046570f8} (0xc08cae1f)
 - 'value' 'Ljava/lang/Object;' @20  ""{0x0000000604682a58} (0xc08d054b)
 - 'next' 'Ljava/util/HashMap$Node;' @24  null (0x00000000)
 - 'before' 'Ljava/util/LinkedHashMap$Entry;' @28  a 'java/util/LinkedHashMap$Entry'{0x0000000604683c30} (0xc08d0786)
 - 'after' 'Ljava/util/LinkedHashMap$Entry;' @32  a 'java/util/LinkedHashMap$Entry'{0x0000000604683be0} (0xc08d077c)
stack at sp + 6 slots: 0x00007ffde19ec24f jvm.dll
stack at sp + 7 slots: 0x00000213caf47fc0 points into unknown readable memory: 0x00007ffde20df078 | 78 f0 0d e2 fd 7f 00 00


---------------  P R O C E S S  ---------------

Threads class SMR info:
_java_thread_list=0x00000213c7b99e90, length=31, elements={
0x00000213c5009610, 0x00000213c500af60, 0x00000213c500c110, 0x00000213c5011de0,
0x00000213c5011690, 0x00000213c5012530, 0x00000213c5023630, 0x00000213c5023eb0,
0x00000213c50107f0, 0x00000213c5012c80, 0x00000213c5010f40, 0x00000213c74b77e0,
0x00000213c74bcfa0, 0x00000213c74b8680, 0x00000213c74bd6f0, 0x00000213c74bab10,
0x00000213c5d4d190, 0x00000213c500f950, 0x00000213c5d4ca40, 0x00000213f2332bb0,
0x00000213f2330e70, 0x00000213f23315c0, 0x00000213f2332460, 0x00000213f2333300,
0x00000213f2330720, 0x00000213f2333a50, 0x00000213f2331d10, 0x00000213f315b5e0,
0x00000213f315a740, 0x00000213f315c480, 0x00000213f315cbd0
}

Java Threads: ( => current thread )
  0x00000213c5009610 JavaThread "Reference Handler"          daemon [_thread_blocked, id=15644, stack(0x000000f766a00000,0x000000f766b00000) (1024K)]
  0x00000213c500af60 JavaThread "Finalizer"                  daemon [_thread_blocked, id=14100, stack(0x000000f766b00000,0x000000f766c00000) (1024K)]
  0x00000213c500c110 JavaThread "Signal Dispatcher"          daemon [_thread_blocked, id=9824, stack(0x000000f766c00000,0x000000f766d00000) (1024K)]
  0x00000213c5011de0 JavaThread "Attach Listener"            daemon [_thread_blocked, id=8004, stack(0x000000f766d00000,0x000000f766e00000) (1024K)]
  0x00000213c5011690 JavaThread "Service Thread"             daemon [_thread_blocked, id=10704, stack(0x000000f766e00000,0x000000f766f00000) (1024K)]
  0x00000213c5012530 JavaThread "Monitor Deflation Thread"   daemon [_thread_blocked, id=8932, stack(0x000000f766f00000,0x000000f767000000) (1024K)]
  0x00000213c5023630 JavaThread "C2 CompilerThread0"         daemon [_thread_blocked, id=17432, stack(0x000000f767000000,0x000000f767100000) (1024K)]
  0x00000213c5023eb0 JavaThread "C1 CompilerThread0"         daemon [_thread_blocked, id=15596, stack(0x000000f767100000,0x000000f767200000) (1024K)]
  0x00000213c50107f0 JavaThread "Common-Cleaner"             daemon [_thread_blocked, id=10028, stack(0x000000f767200000,0x000000f767300000) (1024K)]
  0x00000213c5012c80 JavaThread "Monitor Ctrl-Break"         daemon [_thread_in_native, id=10052, stack(0x000000f767400000,0x000000f767500000) (1024K)]
  0x00000213c5010f40 JavaThread "Notification Thread"        daemon [_thread_blocked, id=11180, stack(0x000000f767500000,0x000000f767600000) (1024K)]
  0x00000213c74b77e0 JavaThread "mysql-cj-abandoned-connection-cleanup" daemon [_thread_blocked, id=3428, stack(0x000000f768100000,0x000000f768200000) (1024K)]
  0x00000213c74bcfa0 JavaThread "HikariPool-1:housekeeper"   daemon [_thread_blocked, id=2904, stack(0x000000f768300000,0x000000f768400000) (1024K)]
  0x00000213c74b8680 JavaThread "Catalina-utility-1"                [_thread_blocked, id=120, stack(0x000000f768500000,0x000000f768600000) (1024K)]
  0x00000213c74bd6f0 JavaThread "Catalina-utility-2"                [_thread_blocked, id=988, stack(0x000000f768600000,0x000000f768700000) (1024K)]
  0x00000213c74bab10 JavaThread "container-0"                       [_thread_blocked, id=16716, stack(0x000000f768700000,0x000000f768800000) (1024K)]
  0x00000213c5d4d190 JavaThread "File Watcher"               daemon [_thread_blocked, id=10848, stack(0x000000f768800000,0x000000f768900000) (1024K)]
  0x00000213c500f950 JavaThread "Live Reload Server"         daemon [_thread_in_native, id=16220, stack(0x000000f768a00000,0x000000f768b00000) (1024K)]
  0x00000213c5d4ca40 JavaThread "http-nio-8080-exec-1"       daemon [_thread_blocked, id=7732, stack(0x000000f768900000,0x000000f768a00000) (1024K)]
  0x00000213f2332bb0 JavaThread "http-nio-8080-exec-2"       daemon [_thread_blocked, id=8132, stack(0x000000f768b00000,0x000000f768c00000) (1024K)]
  0x00000213f2330e70 JavaThread "http-nio-8080-exec-3"       daemon [_thread_blocked, id=1328, stack(0x000000f768c00000,0x000000f768d00000) (1024K)]
  0x00000213f23315c0 JavaThread "http-nio-8080-exec-4"       daemon [_thread_blocked, id=13520, stack(0x000000f768d00000,0x000000f768e00000) (1024K)]
  0x00000213f2332460 JavaThread "http-nio-8080-exec-5"       daemon [_thread_blocked, id=18128, stack(0x000000f768e00000,0x000000f768f00000) (1024K)]
  0x00000213f2333300 JavaThread "http-nio-8080-exec-6"       daemon [_thread_blocked, id=12036, stack(0x000000f768f00000,0x000000f769000000) (1024K)]
  0x00000213f2330720 JavaThread "http-nio-8080-exec-7"       daemon [_thread_blocked, id=9496, stack(0x000000f769000000,0x000000f769100000) (1024K)]
  0x00000213f2333a50 JavaThread "http-nio-8080-exec-8"       daemon [_thread_blocked, id=15300, stack(0x000000f769100000,0x000000f769200000) (1024K)]
  0x00000213f2331d10 JavaThread "http-nio-8080-exec-9"       daemon [_thread_blocked, id=13892, stack(0x000000f769200000,0x000000f769300000) (1024K)]
  0x00000213f315b5e0 JavaThread "http-nio-8080-exec-10"      daemon [_thread_blocked, id=7808, stack(0x000000f769300000,0x000000f769400000) (1024K)]
  0x00000213f315a740 JavaThread "http-nio-8080-Poller"       daemon [_thread_in_native, id=8200, stack(0x000000f769400000,0x000000f769500000) (1024K)]
  0x00000213f315c480 JavaThread "http-nio-8080-Acceptor"     daemon [_thread_in_native, id=17468, stack(0x000000f769500000,0x000000f769600000) (1024K)]
  0x00000213f315cbd0 JavaThread "DestroyJavaVM"                     [_thread_blocked, id=18020, stack(0x000000f766200000,0x000000f766300000) (1024K)]
Total: 31

Other Threads:
  0x00000213eed659f0 VMThread "VM Thread"                           [id=3908, stack(0x000000f766900000,0x000000f766a00000) (1024K)]
  0x00000213eed562e0 WatcherThread "VM Periodic Task Thread"        [id=4568, stack(0x000000f766800000,0x000000f766900000) (1024K)]
  0x00000213eebaf890 WorkerThread "GC Thread#0"                     [id=6856, stack(0x000000f766300000,0x000000f766400000) (1024K)]
  0x00000213c621ea20 WorkerThread "GC Thread#1"                     [id=6240, stack(0x000000f767900000,0x000000f767a00000) (1024K)]
  0x00000213c621edd0 WorkerThread "GC Thread#2"                     [id=18332, stack(0x000000f767a00000,0x000000f767b00000) (1024K)]
  0x00000213c6201a60 WorkerThread "GC Thread#3"                     [id=14920, stack(0x000000f767b00000,0x000000f767c00000) (1024K)]
  0x00000213c6201e10 WorkerThread "GC Thread#4"                     [id=15468, stack(0x000000f767c00000,0x000000f767d00000) (1024K)]
  0x00000213c62021c0 WorkerThread "GC Thread#5"                     [id=15128, stack(0x000000f767d00000,0x000000f767e00000) (1024K)]
  0x00000213c622bfa0 WorkerThread "GC Thread#6"                     [id=6720, stack(0x000000f767e00000,0x000000f767f00000) (1024K)]
  0x00000213c622c760 WorkerThread "GC Thread#7"                     [id=1444, stack(0x000000f767f00000,0x000000f768000000) (1024K)]
  0x00000213caf468e0 ConcurrentGCThread "G1 Main Marker"            [id=8104, stack(0x000000f766400000,0x000000f766500000) (1024K)]
  0x00000213caf47300 WorkerThread "G1 Conc#0"                       [id=7324, stack(0x000000f766500000,0x000000f766600000) (1024K)]
=>0x00000213c6173b50 WorkerThread "G1 Conc#1"                       [id=10956, stack(0x000000f768000000,0x000000f768100000) (1024K)]
  0x00000213eec17af0 ConcurrentGCThread "G1 Refine#0"               [id=1300, stack(0x000000f766600000,0x000000f766700000) (1024K)]
  0x00000213eec18670 ConcurrentGCThread "G1 Service"                [id=16628, stack(0x000000f766700000,0x000000f766800000) (1024K)]
Total: 15

Threads with active compile tasks:
Total: 0

VM state: not at safepoint (normal execution)

VM Mutex/Monitor currently owned by a thread: None

Heap address: 0x0000000604000000, size: 8128 MB, Compressed Oops mode: Zero based, Oop shift amount: 3

CDS archive(s) mapped at: [0x0000021380000000-0x0000021380d40000-0x0000021380d40000), size 13893632, SharedBaseAddress: 0x0000021380000000, ArchiveRelocationMode: 1.
Compressed class space mapped at: 0x0000021381000000-0x00000213c1000000, reserved size: 1073741824
UseCompressedClassPointers 1, UseCompactObjectHeaders 0
Narrow klass pointer bits 32, Max shift 3
Narrow klass base: 0x0000021380000000, Narrow klass shift: 0
Encoding Range: [0x0000021380000000 - 0x0000021480000000), (4294967296 bytes)
Klass Range:    [0x0000021380000000 - 0x00000213c1000000), (1090519040 bytes)
Klass ID Range:  [8 - 1090519033) (1090519025)

GC Precious Log:
 CardTable entry size: 512
 Card Set container configuration: InlinePtr #cards 4 size 8 Array Of Cards #cards 32 size 80 Howl #buckets 8 coarsen threshold 7372 Howl Bitmap #cards 1024 size 144 coarsen threshold 921 Card regions per heap region 1 cards per card region 8192
 CPUs: 8 total, 8 available
 Memory: 32510M
 Large Page Support: Disabled
 NUMA Support: Disabled
 Compressed Oops: Enabled (Zero based)
 Heap Region Size: 4M
 Heap Min Capacity: 8M
 Heap Initial Capacity: 508M
 Heap Max Capacity: 8128M
 Pre-touch: Disabled
 Parallel Workers: 8
 Concurrent Workers: 2
 Concurrent Refinement Workers: 8
 Periodic GC: Disabled

Heap:
 garbage-first heap   total reserved 8323072K, committed 139264K, used 43028K [0x0000000604000000, 0x0000000800000000)
  region size 4096K, 3 young (12288K), 2 survivors (8192K)
 Metaspace       used 87421K, committed 88128K, reserved 1179648K
  class space    used 9423K, committed 9728K, reserved 1048576K

Heap Regions: E=young(eden), S=young(survivor), O=old, HS=humongous(starts), HC=humongous(continues), CS=collection set, F=free, TAMS=top-at-mark-start, PB=parsable bottom
|   0|0x0000000604000000, 0x0000000604400000, 0x0000000604400000|100%| O|  |TAMS 0x0000000604400000| PB 0x0000000604000000| Untracked |  0
|   1|0x0000000604400000, 0x0000000604800000, 0x0000000604800000|100%| O|  |TAMS 0x0000000604800000| PB 0x0000000604400000| Untracked |  0
|   2|0x0000000604800000, 0x0000000604c00000, 0x0000000604c00000|100%| O|  |TAMS 0x0000000604c00000| PB 0x0000000604800000| Untracked |  0
|   3|0x0000000604c00000, 0x0000000605000000, 0x0000000605000000|100%| O|  |TAMS 0x0000000605000000| PB 0x0000000604c00000| Untracked |  0
|   4|0x0000000605000000, 0x0000000605400000, 0x0000000605400000|100%| O|  |TAMS 0x0000000605400000| PB 0x0000000605000000| Untracked |  0
|   5|0x0000000605400000, 0x0000000605400000, 0x0000000605800000|  0%| F|  |TAMS 0x0000000605400000| PB 0x0000000605400000| Untracked |  0
|   6|0x0000000605800000, 0x0000000605c00000, 0x0000000605c00000|100%| O|  |TAMS 0x0000000605c00000| PB 0x0000000605800000| Untracked |  0
|   7|0x0000000605c00000, 0x0000000606000000, 0x0000000606000000|100%| O|  |TAMS 0x0000000606000000| PB 0x0000000605c00000| Untracked |  0
|   8|0x0000000606000000, 0x0000000606400000, 0x0000000606400000|100%| O|  |TAMS 0x0000000606400000| PB 0x0000000606000000| Untracked |  0
|   9|0x0000000606400000, 0x0000000606800000, 0x0000000606800000|100%| O|  |TAMS 0x0000000606800000| PB 0x0000000606400000| Untracked |  0
|  10|0x0000000606800000, 0x00000006069d4f38, 0x0000000606c00000| 45%| O|  |TAMS 0x00000006069d4f38| PB 0x0000000606800000| Untracked |  0
|  11|0x0000000606c00000, 0x0000000606c00000, 0x0000000607000000|  0%| F|  |TAMS 0x0000000606c00000| PB 0x0000000606c00000| Untracked |  0
|  12|0x0000000607000000, 0x0000000607000000, 0x0000000607400000|  0%| F|  |TAMS 0x0000000607000000| PB 0x0000000607000000| Untracked |  0
|  13|0x0000000607400000, 0x0000000607400000, 0x0000000607800000|  0%| F|  |TAMS 0x0000000607400000| PB 0x0000000607400000| Untracked |  0
|  14|0x0000000607800000, 0x0000000607800000, 0x0000000607c00000|  0%| F|  |TAMS 0x0000000607800000| PB 0x0000000607800000| Untracked |  0
|  15|0x0000000607c00000, 0x0000000607c304c0, 0x0000000608000000|  4%| S|CS|TAMS 0x0000000607c00000| PB 0x0000000607c00000| Complete |  0
|  16|0x0000000608000000, 0x0000000608400000, 0x0000000608400000|100%| S|CS|TAMS 0x0000000608000000| PB 0x0000000608000000| Complete |  0
|  17|0x0000000608400000, 0x0000000608400000, 0x0000000608800000|  0%| F|  |TAMS 0x0000000608400000| PB 0x0000000608400000| Untracked |  0
|  18|0x0000000608800000, 0x0000000608800000, 0x0000000608c00000|  0%| F|  |TAMS 0x0000000608800000| PB 0x0000000608800000| Untracked |  0
|  19|0x0000000608c00000, 0x0000000608c00000, 0x0000000609000000|  0%| F|  |TAMS 0x0000000608c00000| PB 0x0000000608c00000| Untracked |  0
|  20|0x0000000609000000, 0x0000000609000000, 0x0000000609400000|  0%| F|  |TAMS 0x0000000609000000| PB 0x0000000609000000| Untracked |  0
|  21|0x0000000609400000, 0x0000000609400000, 0x0000000609800000|  0%| F|  |TAMS 0x0000000609400000| PB 0x0000000609400000| Untracked |  0
|  22|0x0000000609800000, 0x0000000609800000, 0x0000000609c00000|  0%| F|  |TAMS 0x0000000609800000| PB 0x0000000609800000| Untracked |  0
|  23|0x0000000609c00000, 0x0000000609c00000, 0x000000060a000000|  0%| F|  |TAMS 0x0000000609c00000| PB 0x0000000609c00000| Untracked |  0
|  24|0x000000060a000000, 0x000000060a000000, 0x000000060a400000|  0%| F|  |TAMS 0x000000060a000000| PB 0x000000060a000000| Untracked |  0
|  25|0x000000060a400000, 0x000000060a400000, 0x000000060a800000|  0%| F|  |TAMS 0x000000060a400000| PB 0x000000060a400000| Untracked |  0
|  26|0x000000060a800000, 0x000000060a800000, 0x000000060ac00000|  0%| F|  |TAMS 0x000000060a800000| PB 0x000000060a800000| Untracked |  0
|  27|0x000000060ac00000, 0x000000060ac00000, 0x000000060b000000|  0%| F|  |TAMS 0x000000060ac00000| PB 0x000000060ac00000| Untracked |  0
|  28|0x000000060b000000, 0x000000060b000000, 0x000000060b400000|  0%| F|  |TAMS 0x000000060b000000| PB 0x000000060b000000| Untracked |  0
|  29|0x000000060b400000, 0x000000060b400000, 0x000000060b800000|  0%| F|  |TAMS 0x000000060b400000| PB 0x000000060b400000| Untracked |  0
|  30|0x000000060b800000, 0x000000060b800000, 0x000000060bc00000|  0%| F|  |TAMS 0x000000060b800000| PB 0x000000060b800000| Untracked |  0
|  31|0x000000060bc00000, 0x000000060bc00000, 0x000000060c000000|  0%| F|  |TAMS 0x000000060bc00000| PB 0x000000060bc00000| Untracked |  0
|  32|0x000000060c000000, 0x000000060c000000, 0x000000060c400000|  0%| F|  |TAMS 0x000000060c000000| PB 0x000000060c000000| Untracked |  0
|2031|0x00000007ffc00000, 0x00000007ffce3650, 0x0000000800000000| 22%| E|  |TAMS 0x00000007ffc00000| PB 0x00000007ffc00000| Complete |  0

Card table byte_map: [0x00000213e5c00000,0x00000213e6be0000] _byte_map_base: 0x00000213e2be0000

Marking Bits: (CMBitMap*) 0x00000213eebaffa0
 Bits: [0x00000213e6be0000, 0x00000213eeae0000)

Polling page: 0x00000213d5030000

Metaspace:

Usage:
  Non-class:     76.17 MB used.
      Class:      9.20 MB used.
       Both:     85.37 MB used.

Virtual space:
  Non-class space:      128.00 MB reserved,      76.56 MB ( 60%) committed,  2 nodes.
      Class space:        1.00 GB reserved,       9.50 MB ( <1%) committed,  1 nodes.
             Both:        1.12 GB reserved,      86.06 MB (  7%) committed. 

Chunk freelists:
   Non-Class:  3.33 MB
       Class:  6.55 MB
        Both:  9.88 MB

MaxMetaspaceSize: unlimited
CompressedClassSpaceSize: 1.00 GB
Initial GC threshold: 21.00 MB
Current GC threshold: 143.06 MB
CDS: on
 - commit_granule_bytes: 65536.
 - commit_granule_words: 8192.
 - virtual_space_node_default_size: 8388608.
 - enlarge_chunks_in_place: 1.
UseCompressedClassPointers 1, UseCompactObjectHeaders 0
Narrow klass pointer bits 32, Max shift 3
Narrow klass base: 0x0000021380000000, Narrow klass shift: 0
Encoding Range: [0x0000021380000000 - 0x0000021480000000), (4294967296 bytes)
Klass Range:    [0x0000021380000000 - 0x00000213c1000000), (1090519040 bytes)
Klass ID Range:  [8 - 1090519033) (1090519025)


Internal statistics:

num_allocs_failed_limit: 15.
num_arena_births: 1002.
num_arena_deaths: 0.
num_vsnodes_births: 3.
num_vsnodes_deaths: 0.
num_space_committed: 1377.
num_space_uncommitted: 0.
num_chunks_returned_to_freelist: 15.
num_chunks_taken_from_freelist: 4089.
num_chunk_merges: 15.
num_chunk_splits: 2976.
num_chunks_enlarged: 2382.
num_inconsistent_stats: 0.

CodeHeap 'non-profiled nmethods': size=120064Kb used=5403Kb max_used=5756Kb free=114660Kb
 bounds [0x00000213dcc60000, 0x00000213dd200000, 0x00000213e41a0000]
CodeHeap 'profiled nmethods': size=120000Kb used=14653Kb max_used=14792Kb free=105346Kb
 bounds [0x00000213d51a0000, 0x00000213d6020000, 0x00000213dc6d0000]
CodeHeap 'non-nmethods': size=5696Kb used=1828Kb max_used=1977Kb free=3867Kb
 bounds [0x00000213dc6d0000, 0x00000213dc940000, 0x00000213dcc60000]
CodeCache: size=245760Kb, used=21884Kb, max_used=22525Kb, free=223873Kb
 total_blobs=10075, nmethods=9288, adapters=691, full_count=0
Compilation: enabled, stopped_count=0, restarted_count=0

Compilation events (20 events):
Event: 2844.553 Thread 0x00000213c5023630 10850       4       com.mysql.cj.telemetry.TelemetrySpan::setAttribute (1 bytes)
Event: 2844.553 Thread 0x00000213c5023eb0 10851       3       com.mysql.cj.protocol.a.NativeProtocol::checkForOutstandingStreamingData (79 bytes)
Event: 2844.553 Thread 0x00000213c5023630 nmethod 10850 0x00000213dcdf6888 code [0x00000213dcdf6980, 0x00000213dcdf69f8]
Event: 2844.554 Thread 0x00000213c5023eb0 nmethod 10851 0x00000213d5a17988 code [0x00000213d5a17b20, 0x00000213d5a18590]
Event: 2844.554 Thread 0x00000213c5023eb0 10852       3       com.mysql.cj.result.Field::getColumnLabel (5 bytes)
Event: 2844.555 Thread 0x00000213c5023eb0 nmethod 10852 0x00000213d55afc08 code [0x00000213d55afd40, 0x00000213d55aff88]
Event: 2844.555 Thread 0x00000213c5023eb0 10853       3       java.lang.Long::toString (55 bytes)
Event: 2844.555 Thread 0x00000213c5023eb0 nmethod 10853 0x00000213d55af488 code [0x00000213d55af5e0, 0x00000213d55af968]
Event: 2844.555 Thread 0x00000213c5023eb0 10854       3       com.mysql.cj.ServerVersion::meetsMinimum (14 bytes)
Event: 2844.555 Thread 0x00000213c5023eb0 nmethod 10854 0x00000213d5a17688 code [0x00000213d5a177a0, 0x00000213d5a17940]
Event: 2844.556 Thread 0x00000213c5023630 10855       4       java.util.concurrent.ConcurrentHashMap$Node::<init> (20 bytes)
Event: 2844.556 Thread 0x00000213c5023eb0 10856   !   3       com.mysql.cj.protocol.a.NativeProtocol::setSocketTimeout (45 bytes)
Event: 2844.557 Thread 0x00000213c5023eb0 nmethod 10856 0x00000213d5a16f08 code [0x00000213d5a17060, 0x00000213d5a175c8]
Event: 2844.557 Thread 0x00000213c5023eb0 10858       3       java.nio.ByteBuffer::flip (7 bytes)
Event: 2844.557 Thread 0x00000213c5023630 nmethod 10855 0x00000213dcdf6488 code [0x00000213dcdf6580, 0x00000213dcdf6858]
Event: 2844.557 Thread 0x00000213c5023eb0 nmethod 10858 0x00000213d5a16c08 code [0x00000213d5a16d20, 0x00000213d5a16ea0]
Event: 2844.557 Thread 0x00000213c5023eb0 10857       3       com.mysql.cj.ServerVersion::<init> (9 bytes)
Event: 2844.558 Thread 0x00000213c5023eb0 nmethod 10857 0x00000213d5a16688 code [0x00000213d5a167e0, 0x00000213d5a16ba0]
Event: 2849.236 Thread 0x00000213c5023eb0 10859   !   3       org.apache.catalina.core.StandardContext::getManager (38 bytes)
Event: 2849.237 Thread 0x00000213c5023eb0 nmethod 10859 0x00000213d5a15b88 code [0x00000213d5a15d20, 0x00000213d5a165d8]

GC Heap History (20 events):
Event: 4.445 GC heap before
{Heap before GC invocations=9 (full 0):
 garbage-first heap   total reserved 8323072K, committed 98304K, used 28334K [0x0000000604000000, 0x0000000800000000)
  region size 4096K, 3 young (12288K), 2 survivors (8192K)
 Metaspace       used 60410K, committed 60800K, reserved 1114112K
  class space    used 6219K, committed 6400K, reserved 1048576K
}
Event: 4.449 GC heap after
{Heap after GC invocations=10 (full 0):
 garbage-first heap   total reserved 8323072K, committed 98304K, used 28667K [0x0000000604000000, 0x0000000800000000)
  region size 4096K, 1 young (4096K), 1 survivors (4096K)
 Metaspace       used 60410K, committed 60800K, reserved 1114112K
  class space    used 6219K, committed 6400K, reserved 1048576K
}
Event: 4.987 GC heap before
{Heap before GC invocations=11 (full 0):
 garbage-first heap   total reserved 8323072K, committed 98304K, used 77819K [0x0000000604000000, 0x0000000800000000)
  region size 4096K, 13 young (53248K), 1 survivors (4096K)
 Metaspace       used 66795K, committed 67264K, reserved 1114112K
  class space    used 7017K, committed 7232K, reserved 1048576K
}
Event: 4.990 GC heap after
{Heap after GC invocations=12 (full 0):
 garbage-first heap   total reserved 8323072K, committed 98304K, used 30253K [0x0000000604000000, 0x0000000800000000)
  region size 4096K, 1 young (4096K), 1 survivors (4096K)
 Metaspace       used 66795K, committed 67264K, reserved 1114112K
  class space    used 7017K, committed 7232K, reserved 1048576K
}
Event: 5.449 GC heap before
{Heap before GC invocations=12 (full 0):
 garbage-first heap   total reserved 8323072K, committed 98304K, used 79405K [0x0000000604000000, 0x0000000800000000)
  region size 4096K, 13 young (53248K), 1 survivors (4096K)
 Metaspace       used 70668K, committed 71232K, reserved 1114112K
  class space    used 7447K, committed 7680K, reserved 1048576K
}
Event: 5.454 GC heap after
{Heap after GC invocations=13 (full 0):
 garbage-first heap   total reserved 8323072K, committed 98304K, used 32667K [0x0000000604000000, 0x0000000800000000)
  region size 4096K, 2 young (8192K), 2 survivors (8192K)
 Metaspace       used 70668K, committed 71232K, reserved 1114112K
  class space    used 7447K, committed 7680K, reserved 1048576K
}
Event: 5.792 GC heap before
{Heap before GC invocations=13 (full 0):
 garbage-first heap   total reserved 8323072K, committed 98304K, used 77723K [0x0000000604000000, 0x0000000800000000)
  region size 4096K, 13 young (53248K), 2 survivors (8192K)
 Metaspace       used 72673K, committed 73216K, reserved 1114112K
  class space    used 7659K, committed 7872K, reserved 1048576K
}
Event: 5.797 GC heap after
{Heap after GC invocations=14 (full 0):
 garbage-first heap   total reserved 8323072K, committed 98304K, used 34696K [0x0000000604000000, 0x0000000800000000)
  region size 4096K, 2 young (8192K), 2 survivors (8192K)
 Metaspace       used 72673K, committed 73216K, reserved 1114112K
  class space    used 7659K, committed 7872K, reserved 1048576K
}
Event: 6.180 GC heap before
{Heap before GC invocations=14 (full 0):
 garbage-first heap   total reserved 8323072K, committed 98304K, used 75656K [0x0000000604000000, 0x0000000800000000)
  region size 4096K, 12 young (49152K), 2 survivors (8192K)
 Metaspace       used 75010K, committed 75648K, reserved 1179648K
  class space    used 7953K, committed 8256K, reserved 1048576K
}
Event: 6.186 GC heap after
{Heap after GC invocations=15 (full 0):
 garbage-first heap   total reserved 8323072K, committed 311296K, used 36933K [0x0000000604000000, 0x0000000800000000)
  region size 4096K, 2 young (8192K), 2 survivors (8192K)
 Metaspace       used 75010K, committed 75648K, reserved 1179648K
  class space    used 7953K, committed 8256K, reserved 1048576K
}
Event: 36.789 GC heap before
{Heap before GC invocations=16 (full 0):
 garbage-first heap   total reserved 8323072K, committed 139264K, used 110661K [0x0000000604000000, 0x0000000800000000)
  region size 4096K, 20 young (81920K), 2 survivors (8192K)
 Metaspace       used 81219K, committed 81856K, reserved 1179648K
  class space    used 8728K, committed 9024K, reserved 1048576K
}
Event: 36.793 GC heap after
{Heap after GC invocations=17 (full 0):
 garbage-first heap   total reserved 8323072K, committed 139264K, used 39981K [0x0000000604000000, 0x0000000800000000)
  region size 4096K, 2 young (8192K), 2 survivors (8192K)
 Metaspace       used 81219K, committed 81856K, reserved 1179648K
  class space    used 8728K, committed 9024K, reserved 1048576K
}
Event: 157.770 GC heap before
{Heap before GC invocations=17 (full 0):
 garbage-first heap   total reserved 8323072K, committed 139264K, used 109613K [0x0000000604000000, 0x0000000800000000)
  region size 4096K, 19 young (77824K), 2 survivors (8192K)
 Metaspace       used 87146K, committed 87872K, reserved 1179648K
  class space    used 9416K, committed 9728K, reserved 1048576K
}
Event: 157.782 GC heap after
{Heap after GC invocations=18 (full 0):
 garbage-first heap   total reserved 8323072K, committed 139264K, used 43526K [0x0000000604000000, 0x0000000800000000)
  region size 4096K, 3 young (12288K), 3 survivors (12288K)
 Metaspace       used 87146K, committed 87872K, reserved 1179648K
  class space    used 9416K, committed 9728K, reserved 1048576K
}
Event: 899.820 GC heap before
{Heap before GC invocations=19 (full 0):
 garbage-first heap   total reserved 8323072K, committed 139264K, used 109062K [0x0000000604000000, 0x0000000800000000)
  region size 4096K, 19 young (77824K), 3 survivors (12288K)
 Metaspace       used 87253K, committed 87936K, reserved 1179648K
  class space    used 9416K, committed 9728K, reserved 1048576K
}
Event: 899.827 GC heap after
{Heap after GC invocations=20 (full 0):
 garbage-first heap   total reserved 8323072K, committed 139264K, used 43674K [0x0000000604000000, 0x0000000800000000)
  region size 4096K, 2 young (8192K), 2 survivors (8192K)
 Metaspace       used 87253K, committed 87936K, reserved 1179648K
  class space    used 9416K, committed 9728K, reserved 1048576K
}
Event: 1652.012 GC heap before
{Heap before GC invocations=20 (full 0):
 garbage-first heap   total reserved 8323072K, committed 139264K, used 113306K [0x0000000604000000, 0x0000000800000000)
  region size 4096K, 19 young (77824K), 2 survivors (8192K)
 Metaspace       used 87363K, committed 88128K, reserved 1179648K
  class space    used 9420K, committed 9728K, reserved 1048576K
}
Event: 1652.021 GC heap after
{Heap after GC invocations=21 (full 0):
 garbage-first heap   total reserved 8323072K, committed 139264K, used 42946K [0x0000000604000000, 0x0000000800000000)
  region size 4096K, 2 young (8192K), 2 survivors (8192K)
 Metaspace       used 87363K, committed 88128K, reserved 1179648K
  class space    used 9420K, committed 9728K, reserved 1048576K
}
Event: 2860.275 GC heap before
{Heap before GC invocations=21 (full 0):
 garbage-first heap   total reserved 8323072K, committed 139264K, used 112578K [0x0000000604000000, 0x0000000800000000)
  region size 4096K, 19 young (77824K), 2 survivors (8192K)
 Metaspace       used 87421K, committed 88128K, reserved 1179648K
  class space    used 9423K, committed 9728K, reserved 1048576K
}
Event: 2860.278 GC heap after
{Heap after GC invocations=22 (full 0):
 garbage-first heap   total reserved 8323072K, committed 139264K, used 43028K [0x0000000604000000, 0x0000000800000000)
  region size 4096K, 2 young (8192K), 2 survivors (8192K)
 Metaspace       used 87421K, committed 88128K, reserved 1179648K
  class space    used 9423K, committed 9728K, reserved 1048576K
}

Dll operation events (13 events):
Event: 0.013 Loaded shared library C:\Program Files\Java\jdk-24\bin\java.dll
Event: 0.043 Loaded shared library C:\Program Files\Java\jdk-24\bin\jsvml.dll
Event: 0.121 Loaded shared library C:\Program Files\Java\jdk-24\bin\zip.dll
Event: 0.123 Loaded shared library C:\Program Files\Java\jdk-24\bin\instrument.dll
Event: 0.126 Loaded shared library C:\Program Files\Java\jdk-24\bin\net.dll
Event: 0.128 Loaded shared library C:\Program Files\Java\jdk-24\bin\nio.dll
Event: 0.133 Loaded shared library C:\Program Files\Java\jdk-24\bin\zip.dll
Event: 0.215 Loaded shared library C:\Program Files\Java\jdk-24\bin\extnet.dll
Event: 0.236 Loaded shared library C:\Program Files\Java\jdk-24\bin\jimage.dll
Event: 0.453 Loaded shared library C:\Program Files\Java\jdk-24\bin\management.dll
Event: 0.455 Loaded shared library C:\Program Files\Java\jdk-24\bin\management_ext.dll
Event: 1.176 Loaded shared library C:\Program Files\Java\jdk-24\bin\sunmscapi.dll
Event: 3.409 Loaded shared library C:\Program Files\Java\jdk-24\bin\verify.dll

Deoptimization events (20 events):
Event: 97.495 Thread 0x00000213f23315c0 DEOPT PACKING pc=0x00000213dd145f68 sp=0x000000f768dfa9e0
Event: 97.495 Thread 0x00000213f23315c0 DEOPT UNPACKING pc=0x00000213dc7f6902 sp=0x000000f768dfa970 mode 2
Event: 97.495 Thread 0x00000213f23315c0 Uncommon trap: trap_request=0xffffffc6 fr.pc=0x00000213dd145f68 relative=0x00000000000000c8
Event: 97.495 Thread 0x00000213f23315c0 Uncommon trap: reason=bimorphic_or_optimized_type_check action=maybe_recompile pc=0x00000213dd145f68 method=com.fasterxml.jackson.annotation.JsonAutoDetect$Visibility.isVisible(Ljava/lang/reflect/Member;)Z @ 81 c2
Event: 97.495 Thread 0x00000213f23315c0 DEOPT PACKING pc=0x00000213dd145f68 sp=0x000000f768dfa9e0
Event: 97.495 Thread 0x00000213f23315c0 DEOPT UNPACKING pc=0x00000213dc7f6902 sp=0x000000f768dfa970 mode 2
Event: 1600.757 Thread 0x00000213f315e910 DEOPT PACKING pc=0x00000213d52ab904 sp=0x000000f7660fda90
Event: 1600.757 Thread 0x00000213f315e910 DEOPT UNPACKING pc=0x00000213dc726642 sp=0x000000f7660fcf10 mode 0
Event: 2166.767 Thread 0x00000213c74bd6f0 Uncommon trap: trap_request=0xffffff4d fr.pc=0x00000213dcf2b2d8 relative=0x00000000000000b8
Event: 2166.767 Thread 0x00000213c74bd6f0 Uncommon trap: reason=unstable_if action=reinterpret pc=0x00000213dcf2b2d8 method=java.util.concurrent.ScheduledThreadPoolExecutor$ScheduledFutureTask.compareTo(Ljava/util/concurrent/Delayed;)I @ 40 c2
Event: 2166.767 Thread 0x00000213c74bd6f0 DEOPT PACKING pc=0x00000213dcf2b2d8 sp=0x000000f7686feda0
Event: 2166.767 Thread 0x00000213c74bd6f0 DEOPT UNPACKING pc=0x00000213dc7f6902 sp=0x000000f7686fed28 mode 2
Event: 2701.066 Thread 0x00000213c74bcfa0 Uncommon trap: trap_request=0xffffff4d fr.pc=0x00000213dcc74324 relative=0x0000000000000124
Event: 2701.066 Thread 0x00000213c74bcfa0 Uncommon trap: reason=unstable_if action=reinterpret pc=0x00000213dcc74324 method=java.lang.StringCoding.countPositives([BII)I @ 17 c2
Event: 2701.066 Thread 0x00000213c74bcfa0 DEOPT PACKING pc=0x00000213dcc74324 sp=0x000000f7683fe810
Event: 2701.066 Thread 0x00000213c74bcfa0 DEOPT UNPACKING pc=0x00000213dc7f6902 sp=0x000000f7683fe798 mode 2
Event: 2755.766 Thread 0x00000213f315c480 Uncommon trap: trap_request=0xffffff4d fr.pc=0x00000213dcd45f1c relative=0x0000000000000bfc
Event: 2755.766 Thread 0x00000213f315c480 Uncommon trap: reason=unstable_if action=reinterpret pc=0x00000213dcd45f1c method=java.util.concurrent.ConcurrentHashMap.addCount(JI)V @ 7 c2
Event: 2755.766 Thread 0x00000213f315c480 DEOPT PACKING pc=0x00000213dcd45f1c sp=0x000000f7695fefb0
Event: 2755.766 Thread 0x00000213f315c480 DEOPT UNPACKING pc=0x00000213dc7f6902 sp=0x000000f7695fee60 mode 2

Classes loaded (20 events):
Event: 97.367 Loading class javax/crypto/spec/PSource$PSpecified
Event: 97.367 Loading class javax/crypto/spec/PSource$PSpecified done
Event: 97.367 Loading class javax/crypto/spec/OAEPParameterSpec
Event: 97.367 Loading class javax/crypto/spec/OAEPParameterSpec done
Event: 97.372 Loading class java/util/zip/DeflaterOutputStream
Event: 97.372 Loading class java/util/zip/DeflaterOutputStream done
Event: 97.372 Loading class java/util/zip/GZIPInputStream
Event: 97.373 Loading class java/util/zip/GZIPInputStream done
Event: 97.373 Loading class java/util/zip/GZIPOutputStream
Event: 97.373 Loading class java/util/zip/GZIPOutputStream done
Event: 97.496 Loading class java/math/BigDecimal$StringBuilderHelper
Event: 97.496 Loading class java/math/BigDecimal$StringBuilderHelper done
Event: 1372.633 Loading class sun/security/ssl/Alert
Event: 1372.634 Loading class sun/security/ssl/Alert done
Event: 1372.635 Loading class sun/security/ssl/Alert$AlertConsumer
Event: 1372.635 Loading class sun/security/ssl/Alert$AlertConsumer done
Event: 1372.635 Loading class sun/security/ssl/Alert$Level
Event: 1372.635 Loading class sun/security/ssl/Alert$Level done
Event: 1372.637 Loading class sun/net/ConnectionResetException
Event: 1372.637 Loading class sun/net/ConnectionResetException done

Classes unloaded (0 events):
No events

Classes redefined (0 events):
No events

Internal exceptions (20 events):
Event: 36.735 Thread 0x00000213c5d4ca40 Exception <a 'java/lang/NoSuchMethodError'{0x0000000608175448}: 'java.lang.Object java.lang.invoke.DirectMethodHandle$Holder.invokeSpecial(java.lang.Object, java.lang.Object, java.lang.Object, java.lang.Object, java.lang.Object, long)'> (0x0000000608175448) 
thrown [s\open\src\hotspot\share\interpreter\linkResolver.cpp, line 805]
Event: 36.735 Thread 0x00000213c5d4ca40 Exception <a 'java/lang/NoSuchMethodError'{0x000000060817dcc8}: 'java.lang.Object java.lang.invoke.DirectMethodHandle$Holder.invokeSpecial(java.lang.Object, java.lang.Object, java.lang.Object, java.lang.Object, java.lang.Object, java.lang.Object, long)'> (0x000000060817dcc8) 
thrown [s\open\src\hotspot\share\interpreter\linkResolver.cpp, line 805]
Event: 36.735 Thread 0x00000213c5d4ca40 Exception <a 'java/lang/NoSuchMethodError'{0x0000000608186030}: 'java.lang.Object java.lang.invoke.DelegatingMethodHandle$Holder.reinvoke_L(java.lang.Object, java.lang.Object, java.lang.Object, java.lang.Object, java.lang.Object, long)'> (0x0000000608186030) 
thrown [s\open\src\hotspot\share\interpreter\linkResolver.cpp, line 805]
Event: 36.736 Thread 0x00000213c5d4ca40 Exception <a 'java/lang/NoSuchMethodError'{0x0000000608192320}: 'java.lang.Object java.lang.invoke.Invokers$Holder.linkToTargetMethod(java.lang.Object, java.lang.Object, java.lang.Object, long, java.lang.Object)'> (0x0000000608192320) 
thrown [s\open\src\hotspot\share\interpreter\linkResolver.cpp, line 805]
Event: 36.768 Thread 0x00000213c5d4ca40 Exception <a 'java/lang/NoSuchMethodError'{0x0000000608316008}: 'java.lang.Object java.lang.invoke.DirectMethodHandle$Holder.invokeStatic(java.lang.Object, int, int)'> (0x0000000608316008) 
thrown [s\open\src\hotspot\share\interpreter\linkResolver.cpp, line 805]
Event: 66.820 Thread 0x00000213f315b5e0 Exception <a 'java/lang/IncompatibleClassChangeError'{0x00000006097b59a0}: Found class java.lang.Object, but interface was expected> (0x00000006097b59a0) 
thrown [s\open\src\hotspot\share\interpreter\linkResolver.cpp, line 872]
Event: 97.407 Thread 0x00000213f23315c0 Exception <a 'java/lang/NoSuchMethodError'{0x00000006088f1b30}: 'java.lang.Object java.lang.invoke.DirectMethodHandle$Holder.invokeInterface(java.lang.Object, java.lang.Object, java.lang.Object, java.lang.Object)'> (0x00000006088f1b30) 
thrown [s\open\src\hotspot\share\interpreter\linkResolver.cpp, line 805]
Event: 97.409 Thread 0x00000213f23315c0 Exception <a 'java/lang/IncompatibleClassChangeError'{0x0000000608932308}: Found class java.lang.Object, but interface was expected> (0x0000000608932308) 
thrown [s\open\src\hotspot\share\interpreter\linkResolver.cpp, line 872]
Event: 97.461 Thread 0x00000213f23315c0 Exception <a 'java/lang/IncompatibleClassChangeError'{0x00000006089d3ff0}: Found class java.lang.Object, but interface was expected> (0x00000006089d3ff0) 
thrown [s\open\src\hotspot\share\interpreter\linkResolver.cpp, line 872]
Event: 97.494 Thread 0x00000213f23315c0 Implicit null exception at 0x00000213dd13814b to 0x00000213dd139030
Event: 97.495 Thread 0x00000213f23315c0 Implicit null exception at 0x00000213dd1259ce to 0x00000213dd125aec
Event: 97.495 Thread 0x00000213f23315c0 Implicit null exception at 0x00000213dd166c6e to 0x00000213dd166f74
Event: 1372.636 Thread 0x00000213f315d320 Exception <a 'java/io/IOException'{0x0000000609d40458}> (0x0000000609d40458) 
thrown [s\open\src\hotspot\share\prims\jni.cpp, line 518]
Event: 1372.637 Thread 0x00000213f315d320 Exception <a 'java/io/IOException'{0x0000000609d41930}> (0x0000000609d41930) 
thrown [s\open\src\hotspot\share\prims\jni.cpp, line 518]
Event: 1476.116 Thread 0x00000213f315da70 Exception <a 'java/io/IOException'{0x000000060967be80}> (0x000000060967be80) 
thrown [s\open\src\hotspot\share\prims\jni.cpp, line 518]
Event: 1556.795 Thread 0x00000213f3160da0 Exception <a 'java/io/IOException'{0x0000000608ddd398}> (0x0000000608ddd398) 
thrown [s\open\src\hotspot\share\prims\jni.cpp, line 518]
Event: 1556.796 Thread 0x00000213f3160da0 Exception <a 'java/io/IOException'{0x0000000608dde000}> (0x0000000608dde000) 
thrown [s\open\src\hotspot\share\prims\jni.cpp, line 518]
Event: 1698.433 Thread 0x00000213f315e910 Exception <a 'java/net/SocketException'{0x000000060c0da4d8}: Connection reset by peer: shutdown> (0x000000060c0da4d8) 
thrown [s\open\src\hotspot\share\prims\jni.cpp, line 536]
Event: 1717.710 Thread 0x00000213f315da70 Exception <a 'java/net/SocketException'{0x000000060c319400}: Connection reset by peer: shutdown> (0x000000060c319400) 
thrown [s\open\src\hotspot\share\prims\jni.cpp, line 536]
Event: 1789.838 Thread 0x00000213f315d320 Exception <a 'java/net/SocketException'{0x000000060b9b3550}: Connection reset by peer: shutdown> (0x000000060b9b3550) 
thrown [s\open\src\hotspot\share\prims\jni.cpp, line 536]

VM Operations (20 events):
Event: 67.691 Executing VM operation: HandshakeAllThreads (Deoptimize)
Event: 67.691 Executing VM operation: HandshakeAllThreads (Deoptimize) done
Event: 97.376 Executing VM operation: HandshakeAllThreads (Deoptimize)
Event: 97.376 Executing VM operation: HandshakeAllThreads (Deoptimize) done
Event: 120.347 Executing VM operation: HandshakeAllThreads (HandshakeForDeflation)
Event: 120.347 Executing VM operation: HandshakeAllThreads (HandshakeForDeflation) done
Event: 120.347 Executing VM operation: RendezvousGCThreads
Event: 120.347 Executing VM operation: RendezvousGCThreads done
Event: 157.770 Executing VM operation: G1CollectForAllocation (G1 Evacuation Pause)
Event: 157.783 Executing VM operation: G1CollectForAllocation (G1 Evacuation Pause) done
Event: 157.815 Executing VM operation: G1PauseRemark
Event: 157.820 Executing VM operation: G1PauseRemark done
Event: 157.832 Executing VM operation: G1PauseCleanup
Event: 157.832 Executing VM operation: G1PauseCleanup done
Event: 899.820 Executing VM operation: G1CollectForAllocation (G1 Evacuation Pause)
Event: 899.827 Executing VM operation: G1CollectForAllocation (G1 Evacuation Pause) done
Event: 1652.012 Executing VM operation: G1CollectForAllocation (G1 Evacuation Pause)
Event: 1652.021 Executing VM operation: G1CollectForAllocation (G1 Evacuation Pause) done
Event: 2860.274 Executing VM operation: G1CollectForAllocation (G1 Evacuation Pause)
Event: 2860.278 Executing VM operation: G1CollectForAllocation (G1 Evacuation Pause) done

Memory protections (0 events):
No events

Nmethod flushes (20 events):
Event: 157.819 Thread 0x00000213eed659f0 flushing  nmethod 0x00000213d5a65108
Event: 157.819 Thread 0x00000213eed659f0 flushing  nmethod 0x00000213d5a84d08
Event: 157.819 Thread 0x00000213eed659f0 flushing  nmethod 0x00000213d5a85108
Event: 157.819 Thread 0x00000213eed659f0 flushing  nmethod 0x00000213d5a85c88
Event: 157.819 Thread 0x00000213eed659f0 flushing  nmethod 0x00000213d5a86408
Event: 157.819 Thread 0x00000213eed659f0 flushing  nmethod 0x00000213d5a86a08
Event: 157.819 Thread 0x00000213eed659f0 flushing  nmethod 0x00000213d5a88a08
Event: 157.819 Thread 0x00000213eed659f0 flushing  nmethod 0x00000213d5a89108
Event: 157.819 Thread 0x00000213eed659f0 flushing  nmethod 0x00000213d5b16608
Event: 157.819 Thread 0x00000213eed659f0 flushing  nmethod 0x00000213d5b1ab08
Event: 157.819 Thread 0x00000213eed659f0 flushing  nmethod 0x00000213d5b1b888
Event: 157.819 Thread 0x00000213eed659f0 flushing  nmethod 0x00000213d5b1c908
Event: 157.819 Thread 0x00000213eed659f0 flushing  nmethod 0x00000213d5b68088
Event: 157.819 Thread 0x00000213eed659f0 flushing  nmethod 0x00000213d5b6c288
Event: 157.819 Thread 0x00000213eed659f0 flushing  nmethod 0x00000213d5c3de08
Event: 157.819 Thread 0x00000213eed659f0 flushing  nmethod 0x00000213d5c3f188
Event: 157.819 Thread 0x00000213eed659f0 flushing  nmethod 0x00000213d5c3f588
Event: 157.819 Thread 0x00000213eed659f0 flushing  nmethod 0x00000213d5c42508
Event: 157.819 Thread 0x00000213eed659f0 flushing  nmethod 0x00000213d5c64208
Event: 157.819 Thread 0x00000213eed659f0 flushing  nmethod 0x00000213d5cecf88

Events (20 events):
Event: 1636.245 Thread 0x00000213c74bcfa0 Thread added: 0x00000213f31614f0
Event: 1636.247 Thread 0x00000213f31614f0 Thread added: 0x00000213f3160da0
Event: 1641.253 Thread 0x00000213f31614f0 Thread exited: 0x00000213f31614f0
Event: 1641.316 Thread 0x00000213f3160da0 Thread exited: 0x00000213f3160da0
Event: 1698.432 Thread 0x00000213c74bcfa0 Thread added: 0x00000213f315e910
Event: 1698.434 Thread 0x00000213f315e910 Thread added: 0x00000213f3161c40
Event: 1703.441 Thread 0x00000213f315e910 Thread exited: 0x00000213f315e910
Event: 1703.504 Thread 0x00000213f3161c40 Thread exited: 0x00000213f3161c40
Event: 1717.709 Thread 0x00000213c74bcfa0 Thread added: 0x00000213f315da70
Event: 1717.711 Thread 0x00000213f315da70 Thread added: 0x00000213f315d320
Event: 1722.724 Thread 0x00000213f315da70 Thread exited: 0x00000213f315da70
Event: 1722.787 Thread 0x00000213f315d320 Thread exited: 0x00000213f315d320
Event: 1789.837 Thread 0x00000213c74bcfa0 Thread added: 0x00000213f315d320
Event: 1789.838 Thread 0x00000213f315d320 Thread added: 0x00000213f31614f0
Event: 1794.840 Thread 0x00000213f315d320 Thread exited: 0x00000213f315d320
Event: 1794.889 Thread 0x00000213f31614f0 Thread exited: 0x00000213f31614f0
Event: 2844.532 Thread 0x00000213c74bcfa0 Thread added: 0x00000213f31614f0
Event: 2844.534 Thread 0x00000213f31614f0 Thread added: 0x00000213f315d320
Event: 2849.541 Thread 0x00000213f31614f0 Thread exited: 0x00000213f31614f0
Event: 2849.605 Thread 0x00000213f315d320 Thread exited: 0x00000213f315d320


Dynamic libraries:
0x00007ff6e1320000 - 0x00007ff6e1330000 	C:\Program Files\Java\jdk-24\bin\java.exe
0x00007ffe32230000 - 0x00007ffe32447000 	C:\WINDOWS\SYSTEM32\ntdll.dll
0x00007ffe31430000 - 0x00007ffe314f4000 	C:\WINDOWS\System32\KERNEL32.DLL
0x00007ffe2f5b0000 - 0x00007ffe2f982000 	C:\WINDOWS\System32\KERNELBASE.dll
0x00007ffe2f490000 - 0x00007ffe2f5a1000 	C:\WINDOWS\System32\ucrtbase.dll
0x00007ffe26b40000 - 0x00007ffe26b5b000 	C:\Program Files\Java\jdk-24\bin\VCRUNTIME140.dll
0x00007ffe26b20000 - 0x00007ffe26b36000 	C:\Program Files\Java\jdk-24\bin\jli.dll
0x00007ffe2ff70000 - 0x00007ffe30121000 	C:\WINDOWS\System32\USER32.dll
0x00007ffe2fa50000 - 0x00007ffe2fa76000 	C:\WINDOWS\System32\win32u.dll
0x00007ffe2e760000 - 0x00007ffe2e9fb000 	C:\WINDOWS\WinSxS\amd64_microsoft.windows.common-controls_6595b64144ccf1df_6.0.22621.5415_none_270d77d17387d7da\COMCTL32.dll
0x00007ffe30130000 - 0x00007ffe30159000 	C:\WINDOWS\System32\GDI32.dll
0x00007ffe30890000 - 0x00007ffe30937000 	C:\WINDOWS\System32\msvcrt.dll
0x00007ffe2fa80000 - 0x00007ffe2fba3000 	C:\WINDOWS\System32\gdi32full.dll
0x00007ffe2fda0000 - 0x00007ffe2fe3a000 	C:\WINDOWS\System32\msvcp_win.dll
0x00007ffe2ff30000 - 0x00007ffe2ff61000 	C:\WINDOWS\System32\IMM32.DLL
0x00007ffe28b70000 - 0x00007ffe28b7c000 	C:\Program Files\Java\jdk-24\bin\vcruntime140_1.dll
0x00007ffe0a400000 - 0x00007ffe0a48e000 	C:\Program Files\Java\jdk-24\bin\msvcp140.dll
0x00007ffde16a0000 - 0x00007ffde2442000 	C:\Program Files\Java\jdk-24\bin\server\jvm.dll
0x00007ffe317d0000 - 0x00007ffe31881000 	C:\WINDOWS\System32\ADVAPI32.dll
0x00007ffe31720000 - 0x00007ffe317c8000 	C:\WINDOWS\System32\sechost.dll
0x00007ffe2f320000 - 0x00007ffe2f348000 	C:\WINDOWS\System32\bcrypt.dll
0x00007ffe30a00000 - 0x00007ffe30b14000 	C:\WINDOWS\System32\RPCRT4.dll
0x00007ffe31fc0000 - 0x00007ffe32031000 	C:\WINDOWS\System32\WS2_32.dll
0x00007ffe2f1f0000 - 0x00007ffe2f23d000 	C:\WINDOWS\SYSTEM32\POWRPROF.dll
0x00007ffe2db30000 - 0x00007ffe2db3a000 	C:\WINDOWS\SYSTEM32\VERSION.dll
0x00007ffe26c20000 - 0x00007ffe26c54000 	C:\WINDOWS\SYSTEM32\WINMM.dll
0x00007ffe2f120000 - 0x00007ffe2f133000 	C:\WINDOWS\SYSTEM32\UMPDC.dll
0x00007ffe2d2f0000 - 0x00007ffe2d308000 	C:\WINDOWS\SYSTEM32\kernel.appcore.dll
0x00007ffe26ae0000 - 0x00007ffe26aea000 	C:\Program Files\Java\jdk-24\bin\jimage.dll
0x00007ffe2eb90000 - 0x00007ffe2edc3000 	C:\WINDOWS\SYSTEM32\DBGHELP.DLL
0x00007ffe30320000 - 0x00007ffe306b3000 	C:\WINDOWS\System32\combase.dll
0x00007ffe31d10000 - 0x00007ffe31de7000 	C:\WINDOWS\System32\OLEAUT32.dll
0x00007ffe2ea80000 - 0x00007ffe2eab2000 	C:\WINDOWS\SYSTEM32\dbgcore.DLL
0x00007ffe2fe40000 - 0x00007ffe2febb000 	C:\WINDOWS\System32\bcryptPrimitives.dll
0x00007ffe26b00000 - 0x00007ffe26b0f000 	C:\Program Files\Java\jdk-24\bin\instrument.dll
0x00007ffe26ac0000 - 0x00007ffe26ade000 	C:\Program Files\Java\jdk-24\bin\java.dll
0x00007ffe30180000 - 0x00007ffe30320000 	C:\WINDOWS\System32\ole32.dll
0x00007ffe30b80000 - 0x00007ffe31422000 	C:\WINDOWS\System32\SHELL32.dll
0x00007ffe2f350000 - 0x00007ffe2f48f000 	C:\WINDOWS\System32\wintypes.dll
0x00007ffe2c020000 - 0x00007ffe2c93e000 	C:\WINDOWS\SYSTEM32\windows.storage.dll
0x00007ffe31610000 - 0x00007ffe3171b000 	C:\WINDOWS\System32\SHCORE.dll
0x00007ffe2fec0000 - 0x00007ffe2ff29000 	C:\WINDOWS\System32\shlwapi.dll
0x00007ffe2f250000 - 0x00007ffe2f27b000 	C:\WINDOWS\SYSTEM32\profapi.dll
0x00007ffdfe1c0000 - 0x00007ffdfe297000 	C:\Program Files\Java\jdk-24\bin\jsvml.dll
0x00007ffe1bee0000 - 0x00007ffe1bef7000 	C:\Program Files\Java\jdk-24\bin\zip.dll
0x00007ffe261c0000 - 0x00007ffe261d0000 	C:\Program Files\Java\jdk-24\bin\net.dll
0x00007ffe2d800000 - 0x00007ffe2d869000 	C:\WINDOWS\system32\mswsock.dll
0x00007ffe26080000 - 0x00007ffe26096000 	C:\Program Files\Java\jdk-24\bin\nio.dll
0x00007ffe1bed0000 - 0x00007ffe1bed9000 	C:\Program Files\Java\jdk-24\bin\extnet.dll
0x00007ffe26af0000 - 0x00007ffe26afa000 	C:\Program Files\Java\jdk-24\bin\management.dll
0x00007ffe26a70000 - 0x00007ffe26a7b000 	C:\Program Files\Java\jdk-24\bin\management_ext.dll
0x00007ffe32070000 - 0x00007ffe32078000 	C:\WINDOWS\System32\PSAPI.DLL
0x00007ffe1b0f0000 - 0x00007ffe1b0fe000 	C:\Program Files\Java\jdk-24\bin\sunmscapi.dll
0x00007ffe2fc30000 - 0x00007ffe2fd97000 	C:\WINDOWS\System32\CRYPT32.dll
0x00007ffe2e540000 - 0x00007ffe2e56d000 	C:\WINDOWS\SYSTEM32\ncrypt.dll
0x00007ffe2e500000 - 0x00007ffe2e537000 	C:\WINDOWS\SYSTEM32\NTASN1.dll
0x00007ffe2eed0000 - 0x00007ffe2eeeb000 	C:\WINDOWS\SYSTEM32\CRYPTSP.dll
0x00007ffe2d250000 - 0x00007ffe2d287000 	C:\WINDOWS\system32\rsaenh.dll
0x00007ffe2d8a0000 - 0x00007ffe2d8c8000 	C:\WINDOWS\SYSTEM32\USERENV.dll
0x00007ffe2da80000 - 0x00007ffe2da8c000 	C:\WINDOWS\SYSTEM32\CRYPTBASE.dll
0x00007ffe2cb90000 - 0x00007ffe2cbbd000 	C:\WINDOWS\SYSTEM32\IPHLPAPI.DLL
0x00007ffe30b70000 - 0x00007ffe30b79000 	C:\WINDOWS\System32\NSI.dll
0x00007ffe1ab50000 - 0x00007ffe1ab60000 	C:\Program Files\Java\jdk-24\bin\verify.dll
0x00007ffe2cbc0000 - 0x00007ffe2ccb8000 	C:\WINDOWS\SYSTEM32\DNSAPI.dll
0x00007ffe261e0000 - 0x00007ffe261ea000 	C:\Windows\System32\rasadhlp.dll
0x00007ffe26320000 - 0x00007ffe263a4000 	C:\WINDOWS\System32\fwpuclnt.dll
0x00007ffdbea60000 - 0x00007ffdbea68000 	C:\WINDOWS\system32\wshunix.dll

JVMTI agents:
C:\Program Files\JetBrains\IntelliJ IDEA Community Edition 2025.1.2\lib\idea_rt.jar path:C:\Program Files\Java\jdk-24\bin\instrument.dll, loaded, initialized, instrumentlib options:51206

dbghelp: loaded successfully - version: 4.0.5 - missing functions: none
symbol engine: initialized successfully - sym options: 0x614 - pdb path: .;C:\Program Files\Java\jdk-24\bin;C:\WINDOWS\SYSTEM32;C:\WINDOWS\WinSxS\amd64_microsoft.windows.common-controls_6595b64144ccf1df_6.0.22621.5415_none_270d77d17387d7da;C:\Program Files\Java\jdk-24\bin\server

VM Arguments:
jvm_args: -javaagent:C:\Program Files\JetBrains\IntelliJ IDEA Community Edition 2025.1.2\lib\idea_rt.jar=51206 -Dfile.encoding=UTF-8 -Dsun.stdout.encoding=UTF-8 -Dsun.stderr.encoding=UTF-8 
java_command: com.project.onlinecoursemanagement.OnlinecoursemanagementApplication
java_class_path (initial): C:\Users\AryanYadav1\Desktop\onlinecoursemanagement\target\classes;C:\Users\AryanYadav1\.m2\repository\org\springframework\spring-webmvc\6.1.6\spring-webmvc-6.1.6.jar;C:\Users\AryanYadav1\.m2\repository\org\springframework\spring-aop\6.2.8\spring-aop-6.2.8.jar;C:\Users\AryanYadav1\.m2\repository\org\springframework\spring-beans\6.2.8\spring-beans-6.2.8.jar;C:\Users\AryanYadav1\.m2\repository\org\springframework\spring-context\6.2.8\spring-context-6.2.8.jar;C:\Users\AryanYadav1\.m2\repository\io\micrometer\micrometer-observation\1.15.1\micrometer-observation-1.15.1.jar;C:\Users\AryanYadav1\.m2\repository\io\micrometer\micrometer-commons\1.15.1\micrometer-commons-1.15.1.jar;C:\Users\AryanYadav1\.m2\repository\org\springframework\spring-core\6.2.8\spring-core-6.2.8.jar;C:\Users\AryanYadav1\.m2\repository\org\springframework\spring-jcl\6.2.8\spring-jcl-6.2.8.jar;C:\Users\AryanYadav1\.m2\repository\org\springframework\spring-expression\6.2.8\spring-expression-6.2.8.jar;C:\Users\AryanYadav1\.m2\repository\org\springframework\spring-web\6.1.6\spring-web-6.1.6.jar;C:\Users\AryanYadav1\.m2\repository\org\springframework\boot\spring-boot-starter-data-jpa\3.5.3\spring-boot-starter-data-jpa-3.5.3.jar;C:\Users\AryanYadav1\.m2\repository\org\springframework\boot\spring-boot-starter\3.5.3\spring-boot-starter-3.5.3.jar;C:\Users\AryanYadav1\.m2\repository\org\springframework\boot\spring-boot-starter-logging\3.5.3\spring-boot-starter-logging-3.5.3.jar;C:\Users\AryanYadav1\.m2\repository\ch\qos\logback\logback-classic\1.5.18\logback-classic-1.5.18.jar;C:\Users\AryanYadav1\.m2\repository\ch\qos\logback\logback-core\1.5.18\logback-core-1.5.18.jar;C:\Users\AryanYadav1\.m2\repository\org\apache\logging\log4j\log4j-to-slf4j\2.24.3\log4j-to-slf4j-2.24.3.jar;C:\Users\AryanYadav1\.m2\repository\org\apache\logging\log4j\log4j-api\2.24.3\log4j-api-2.24.3.jar;C:\Users\AryanYadav1\.m2\repository\org\slf4j\jul-to-slf4j\2.0.17\jul-to-slf4j-2.0.17.jar;C:\Users\AryanYadav1\.m2\repository\jakarta\annotation\jakarta.annotation-api\2.1.1\jakarta.annotation-api-2.1.1.jar;C:\Users\AryanYadav1\.m2\repository\org\yaml\snakeyaml\2.4\snakeyaml-2.4.jar;C:\Users\AryanYadav1\.m2\repository\org\springframework\boot\spring-boot-starter-jdbc\3.5.3\spring-boot-starter-jdbc-3.5.3.jar;C:\Users\AryanYadav1\.m2\repository\com\zaxxer\HikariCP\6.3.0\HikariCP-6.3.0.jar;C:\Users\AryanYadav1\.m2\repository\org\springframework\spring-jdbc\6.2.8\spring-jdbc-6.2.8.jar;C:\Users\AryanYadav1\.m2\repository\org\hibernate\orm\hibernate-core\6.6.18.Final\hibernate-core-6.6.18.Final.jar;C:\Users\AryanYadav1\.m2\repository\jakarta\persistence\jakarta.persistence-api\3.1.0\jakarta.persistence-api-3.1.0.jar;C:\Users\AryanYadav1\.m2\repository\jakarta\transaction\jakarta.transaction-api\2.0.1\jakarta.transaction-api-2.0.1.jar;C:\Users\AryanYadav1\.m2\repository\org\jboss\logging\jboss-logging\3.6.1.Final\jboss-logging-3.6.1.Final.jar;C:\Users\AryanYadav1\.m2\repository\org\hibernate\common\hibernate-commons-annotations\7.0.3.Final\hibernate-commons-annotations-7.0.3.Final.jar;C:\Users\AryanYadav1\.m2\repository\io\smallrye\jandex\3.2.0\jandex-3.2.0.jar;C:\Users\AryanYadav1\.m2\repository\com\fasterxml\classmate\1.7.0\classmate-1.7.0.jar;C:\Users\AryanYadav1\.m2\repository\net\bytebuddy\byte-buddy\1.17.6\byte-buddy-1.17.6.jar;C:\Users\AryanYadav1\.m2\repository\org\glassfish\jaxb\jaxb-runtime\4.0.5\jaxb-runtime-4.0.5.jar;C:\Users\AryanYadav1\.m2\repository\org\glassfish\jaxb\jaxb-core\4.0.5\jaxb-core-4.0.5.jar;C:\Users\AryanYadav1\.m2\repository\org\eclipse\angus\angus-activation\2.0.2\angus-activation-2.0.2.jar;C:\Users\AryanYadav1\.m2\repository\org\glassfish\jaxb\txw2\4.0.5\txw2-4.0.5.jar;C:\Users\AryanYadav1\.m2\repository\com\sun\istack\istack-commons-runtime\4.1.2\istack-commons-runtime-4.1.2.jar;C:\Users\AryanYadav1\.m2\repository\jakarta\inject\jakarta.inject-api\2.0.1\jakarta.inject-api-2.0.1.jar;C:\Users\AryanYadav1\.m2\repository\org\antlr\antlr4-runtime\4.13.0\antlr4-runtime-4.13.0.jar;C:\Users\AryanYadav1\.m2\repository\org\springframework\data\spring-data-jpa\3.5.1\spring-data-jpa-3.5.1.jar;C:\Users\AryanYadav1\.m2\repository\org\springframework\data\spring-data-commons\3.5.1\spring-data-commons-3.5.1.jar;C:\Users\AryanYadav1\.m2\repository\org\springframework\spring-orm\6.2.8\spring-orm-6.2.8.jar;C:\Users\AryanYadav1\.m2\repository\org\springframework\spring-tx\6.2.8\spring-tx-6.2.8.jar;C:\Users\AryanYadav1\.m2\repository\org\slf4j\slf4j-api\2.0.17\slf4j-api-2.0.17.jar;C:\Users\AryanYadav1\.m2\repository\org\springframework\spring-aspects\6.2.8\spring-aspects-6.2.8.jar;C:\Users\AryanYadav1\.m2\repository\org\aspectj\aspectjweaver\1.9.24\aspectjweaver-1.9.24.jar;C:\Users\AryanYadav1\.m2\repository\org\springframework\boot\spring-boot-starter-security\3.5.3\spring-boot-starter-security-3.5.3.jar;C:\Users\AryanYadav1\.m2\repository\org\springframework\security\spring-security-config\6.5.1\spring-security-config-6.5.1.jar;C:\Users\AryanYadav1\.m2\repository\org\springframework\security\spring-security-web\6.5.1\spring-security-web-6.5.1.jar;C:\Users\AryanYadav1\.m2\repository\org\springframework\boot\spring-boot-starter-web\3.5.3\spring-boot-starter-web-3.5.3.jar;C:\Users\AryanYadav1\.m2\repository\org\springframework\boot\spring-boot-starter-json\3.5.3\spring-boot-starter-json-3.5.3.jar;C:\Users\AryanYadav1\.m2\repository\com\fasterxml\jackson\datatype\jackson-datatype-jdk8\2.19.1\jackson-datatype-jdk8-2.19.1.jar;C:\Users\AryanYadav1\.m2\repository\com\fasterxml\jackson\datatype\jackson-datatype-jsr310\2.19.1\jackson-datatype-jsr310-2.19.1.jar;C:\Users\AryanYadav1\.m2\repository\com\fasterxml\jackson\module\jackson-module-parameter-names\2.19.1\jackson-module-parameter-names-2.19.1.jar;C:\Users\AryanYadav1\.m2\repository\org\springframework\boot\spring-boot-starter-tomcat\3.5.3\spring-boot-starter-tomcat-3.5.3.jar;C:\Users\AryanYadav1\.m2\repository\org\apache\tomcat\embed\tomcat-embed-core\10.1.42\tomcat-embed-core-10.1.42.jar;C:\Users\AryanYadav1\.m2\repository\org\apache\tomcat\embed\tomcat-embed-el\10.1.42\tomcat-embed-el-10.1.42.jar;C:\Users\AryanYadav1\.m2\repository\org\apache\tomcat\embed\tomcat-embed-websocket\10.1.42\tomcat-embed-websocket-10.1.42.jar;C:\Users\AryanYadav1\.m2\repository\org\springframework\boot\spring-boot-devtools\3.5.3\spring-boot-devtools-3.5.3.jar;C:\Users\AryanYadav1\.m2\repository\org\springframework\boot\spring-boot\3.5.3\spring-boot-3.5.3.jar;C:\Users\AryanYadav1\.m2\repository\org\springframework\boot\spring-boot-autoconfigure\3.5.3\spring-boot-autoconfigure-3.5.3.jar;C:\Users\AryanYadav1\.m2\repository\com\mysql\mysql-connector-j\9.2.0\mysql-connector-j-9.2.0.jar;C:\Users\AryanYadav1\.m2\repository\org\projectlombok\lombok\1.18.38\lombok-1.18.38.jar;C:\Users\AryanYadav1\.m2\repository\jakarta\xml\bind\jakarta.xml.bind-api\4.0.2\jakarta.xml.bind-api-4.0.2.jar;C:\Users\AryanYadav1\.m2\repository\jakarta\activation\jakarta.activation-api\2.1.3\jakarta.activation-api-2.1.3.jar;C:\Users\AryanYadav1\.m2\repository\org\springframework\security\spring-security-core\6.5.1\spring-security-core-6.5.1.jar;C:\Users\AryanYadav1\.m2\repository\org\springframework\security\spring-security-crypto\6.5.1\spring-security-crypto-6.5.1.jar;C:\Users\AryanYadav1\.m2\repository\com\cloudinary\cloudinary-http44\1.29.0\cloudinary-http44-1.29.0.jar;C:\Users\AryanYadav1\.m2\repository\com\cloudinary\cloudinary-core\1.29.0\cloudinary-core-1.29.0.jar;C:\Users\AryanYadav1\.m2\repository\org\apache\commons\commons-lang3\3.17.0\commons-lang3-3.17.0.jar;C:\Users\AryanYadav1\.m2\repository\org\apache\httpcomponents\httpclient\4.4\httpclient-4.4.jar;C:\Users\AryanYadav1\.m2\repository\org\apache\httpcomponents\httpcore\4.4.16\httpcore-4.4.16.jar;C:\Users\AryanYadav1\.m2\repository\commons-logging\commons-logging\1.2\commons-logging-1.2.jar;C:\Users\AryanYadav1\.m2\repository\org\apache\httpcomponents\httpmime\4.4\httpmime-4.4.jar;C:\Users\AryanYadav1\.m2\repository\org\springdoc\springdoc-openapi-starter-webmvc-ui\2.5.0\springdoc-openapi-starter-webmvc-ui-2.5.0.jar;C:\Users\AryanYadav1\.m2\repository\org\springdoc\springdoc-openapi-starter-webmvc-api\2.5.0\springdoc-openapi-starter-webmvc-api-2.5.0.jar;C:\Users\AryanYadav1\.m2\repository\org\springdoc\springdoc-openapi-starter-common\2.5.0\springdoc-openapi-starter-common-2.5.0.jar;C:\Users\AryanYadav1\.m2\repository\io\swagger\core\v3\swagger-core-jakarta\2.2.21\swagger-core-jakarta-2.2.21.jar;C:\Users\AryanYadav1\.m2\repository\io\swagger\core\v3\swagger-annotations-jakarta\2.2.21\swagger-annotations-jakarta-2.2.21.jar;C:\Users\AryanYadav1\.m2\repository\io\swagger\core\v3\swagger-models-jakarta\2.2.21\swagger-models-jakarta-2.2.21.jar;C:\Users\AryanYadav1\.m2\repository\jakarta\validation\jakarta.validation-api\3.0.2\jakarta.validation-api-3.0.2.jar;C:\Users\AryanYadav1\.m2\repository\com\fasterxml\jackson\dataformat\jackson-dataformat-yaml\2.19.1\jackson-dataformat-yaml-2.19.1.jar;C:\Users\AryanYadav1\.m2\repository\org\webjars\swagger-ui\5.13.0\swagger-ui-5.13.0.jar;C:\Users\AryanYadav1\.m2\repository\com\razorpay\razorpay-java\1.4.5\razorpay-java-1.4.5.jar;C:\Users\AryanYadav1\.m2\repository\com\squareup\okhttp3\okhttp\3.10.0\okhttp-3.10.0.jar;C:\Users\AryanYadav1\.m2\repository\com\squareup\okio\okio\1.14.0\okio-1.14.0.jar;C:\Users\AryanYadav1\.m2\repository\com\squareup\okhttp3\logging-interceptor\3.10.0\logging-interceptor-3.10.0.jar;C:\Users\AryanYadav1\.m2\repository\commons-codec\commons-codec\1.18.0\commons-codec-1.18.0.jar;C:\Users\AryanYadav1\.m2\repository\org\apache\commons\commons-text\1.3\commons-text-1.3.jar;C:\Users\AryanYadav1\.m2\repository\org\json\json\20230227\json-20230227.jar;C:\Users\AryanYadav1\.m2\repository\io\jsonwebtoken\jjwt-api\0.12.6\jjwt-api-0.12.6.jar;C:\Users\AryanYadav1\.m2\repository\io\jsonwebtoken\jjwt-impl\0.12.6\jjwt-impl-0.12.6.jar;C:\Users\AryanYadav1\.m2\repository\io\jsonwebtoken\jjwt-jackson\0.12.6\jjwt-jackson-0.12.6.jar;C:\Users\AryanYadav1\.m2\repository\com\fasterxml\jackson\core\jackson-databind\2.19.1\jackson-databind-2.19.1.jar;C:\Users\AryanYadav1\.m2\repository\com\fasterxml\jackson\core\jackson-annotations\2.19.1\jackson-annotations-2.19.1.jar;C:\Users\AryanYadav1\.m2\repository\com\fasterxml\jackson\core\jackson-core\2.19.1\jackson-core-2.19.1.jar
Launcher Type: SUN_STANDARD

[Global flags]
     intx CICompilerCount                          = 4                                         {product} {ergonomic}
     uint ConcGCThreads                            = 2                                         {product} {ergonomic}
     uint G1ConcRefinementThreads                  = 8                                         {product} {ergonomic}
   size_t G1HeapRegionSize                         = 4194304                                   {product} {ergonomic}
   size_t InitialHeapSize                          = 532676608                                 {product} {ergonomic}
   size_t MarkStackSize                            = 4194304                                   {product} {ergonomic}
   size_t MarkStackSizeMax                         = 536870912                                 {product} {ergonomic}
   size_t MaxHeapSize                              = 8522825728                                {product} {ergonomic}
   size_t MaxNewSize                               = 5112856576                                {product} {ergonomic}
   size_t MinHeapDeltaBytes                        = 4194304                                   {product} {ergonomic}
   size_t MinHeapSize                              = 8388608                                   {product} {ergonomic}
    uintx NonNMethodCodeHeapSize                   = 5832704                                {pd product} {ergonomic}
    uintx NonProfiledCodeHeapSize                  = 122945536                              {pd product} {ergonomic}
    uintx ProfiledCodeHeapSize                     = 122880000                              {pd product} {ergonomic}
    uintx ReservedCodeCacheSize                    = 251658240                              {pd product} {ergonomic}
     bool SegmentedCodeCache                       = true                                      {product} {ergonomic}
   size_t SoftMaxHeapSize                          = 8522825728                             {manageable} {ergonomic}
     bool UseCompressedOops                        = true                           {product lp64_product} {ergonomic}
     bool UseG1GC                                  = true                                      {product} {ergonomic}
     bool UseLargePagesIndividualAllocation        = false                                  {pd product} {ergonomic}

Logging:
Log output configuration:
 #0: stdout all=warning uptime,level,tags foldmultilines=false
 #1: stderr all=off uptime,level,tags foldmultilines=false

Environment Variables:
PATH=C:\Program Files\Common Files\Oracle\Java\javapath;C:\WINDOWS\system32;C:\WINDOWS;C:\WINDOWS\System32\Wbem;C:\WINDOWS\System32\WindowsPowerShell\v1.0\;C:\WINDOWS\System32\OpenSSH\;C:\Program Files\dotnet\;C:\Program Files\Git\cmd;C:\Users\AryanYadav1\AppData\Local\Microsoft\WindowsApps;C:\Users\AryanYadav1\AppData\Local\Programs\Microsoft VS Code\bin;
USERNAME=AryanYadav1
OS=Windows_NT
PROCESSOR_IDENTIFIER=Intel64 Family 6 Model 140 Stepping 1, GenuineIntel
TMP=C:\Users\ARYANY~1\AppData\Local\Temp
TEMP=C:\Users\ARYANY~1\AppData\Local\Temp




Periodic native trim disabled

---------------  S Y S T E M  ---------------

OS:
 Windows 11 , 64 bit Build 22621 (10.0.22621.5415)
OS uptime: 0 days 1:38 hours
Hyper-V role detected

CPU: total 8 (initial active 8) (4 cores per cpu, 2 threads per core) family 6 model 140 stepping 1 microcode 0xb8, cx8, cmov, fxsr, ht, mmx, 3dnowpref, sse, sse2, sse3, ssse3, sse4.1, sse4.2, popcnt, lzcnt, tsc, tscinvbit, avx, avx2, aes, erms, clmul, bmi1, bmi2, adx, avx512f, avx512dq, avx512cd, avx512bw, avx512vl, sha, fma, vzeroupper, avx512_vpopcntdq, avx512_vpclmulqdq, avx512_vaes, avx512_vnni, clflush, clflushopt, clwb, avx512_vbmi2, avx512_vbmi, hv, rdtscp, rdpid, fsrm, gfni, avx512_bitalg, f16c, cet_ibt, cet_ss, avx512_ifma
Processor Information for the first 8 processors :
  Max Mhz: 1690, Current Mhz: 1690, Mhz Limit: 1690

Memory: 4k page, system-wide physical 32510M (19249M free)
TotalPageFile size 37374M (AvailPageFile size 23069M)
current process WorkingSet (physical memory assigned to process): 334M, peak: 377M
current process commit charge ("private bytes"): 371M, peak: 673M

vm_info: Java HotSpot(TM) 64-Bit Server VM (24.0.1+9-30) for windows-amd64 JRE (24.0.1+9-30), built on 2025-03-05T07:23:45Z with MS VC++ 17.6 (VS2022)

END.
